Arguments: 
  /usr/local/Cellar/node/16.3.0/bin/node /usr/local/Cellar/yarn/1.22.10/libexec/bin/yarn.js publish

PATH: 
  /usr/local/bin:/usr/bin:/bin:/usr/sbin:/sbin:/Library/Apple/usr/bin

Yarn version: 
  1.22.10

Node version: 
  16.3.0

Platform: 
  darwin x64

Trace: 
  Error: canceled
      at Interface.<anonymous> (/usr/local/Cellar/yarn/1.22.10/libexec/lib/cli.js:137009:13)
      at Interface.emit (node:events:394:28)
      at Interface._ttyWrite (node:readline:1069:16)
      at ReadStream.onkeypress (node:readline:288:10)
      at ReadStream.emit (node:events:394:28)
      at emitKeys (node:internal/readline/utils:358:14)
      at emitKeys.next (<anonymous>)
      at ReadStream.onData (node:internal/readline/emitKeypressEvents:61:36)
      at ReadStream.emit (node:events:394:28)
      at addChunk (node:internal/streams/readable:312:12)

npm manifest: 
  {
    "name": "strips-lora-translator-open-source",
    "version": "1.0.0",
    "description": "Open source translator for Sensative Strips (LoRaWan sensors)",
    "main": "strips-translate.js",
    "repository": "git@gitlab.com:sensative/strips-lora-translator-open-source.git",
    "author": "Lars Mats <lars.mats@sensative.com>",
    "license": "MIT",
    "homepage": "www.sensative.com"
  }

yarn manifest: 
  No manifest

Lockfile: 
  No lockfile
